Drill Listing
=============
Drill: .015  Tool: 1  Feed: 95  Speed: 300
X 32500  Y 5000
X 55000  Y 5000
X 50000  Y 27500
X 50500  Y 37500
X 54500  Y 37500
X 40000  Y 40000
X 40000  Y 55000
X 84000  Y 65000
X 71500  Y 58500
X 67500  Y 53500
X 82500  Y 53500
X 73500  Y 36000
X 84500  Y 34000
X 67500  Y 33500
X 72500  Y 29000
X 85000  Y 27500
X 85000  Y 22500
X 72500  Y 5000
X 135500  Y 25500
X 135500  Y 30000
X 137500  Y 53000
X 135500  Y 65500
X 140000  Y 75000
X 160000  Y 75000
X 145000  Y 67000
X 157000  Y 64500
X 161000  Y 64500
X 145500  Y 52500
X 142000  Y 51500
X 155500  Y 34500
X 140000  Y 20000
X 140000  Y 5000
X 180000  Y 5000
X 180500  Y 20500
X 175500  Y 28500
X 165500  Y 34500
X 170500  Y 36000
X 176500  Y 37000
X 165500  Y 40000
X 173500  Y 40500
X 178000  Y 41000
X 165500  Y 44000
X 179000  Y 45000
X 179500  Y 49000
X 165000  Y 58000
X 165000  Y 61500
X 178000  Y 65500
X 170500  Y 71000
X 180000  Y 75000
X 200000  Y 75000
X 190000  Y 67500
X 190000  Y 17500
X 210000  Y 17500
X 200000  Y 5000
X 217500  Y 5000
X 232000  Y 37000
X 236000  Y 37000
X 216500  Y 42000
X 222500  Y 46000
X 217000  Y 48500
X 216000  Y 53000
X 250000  Y 30500
X 246000  Y 30500
X 257000  Y 21000
X 242500  Y 15000
X 257000  Y 8500
X 267000  Y 14500
X 278500  Y 21000
X 285000  Y 35000
X 265000  Y 35000
X 291000  Y 71500
X 302000  Y 65000
X 291000  Y 59000
X 302000  Y 52500
X 291000  Y 46500
X 302000  Y 40000
X 291000  Y 34000
X 302000  Y 27000
X 291000  Y 21000
X 302000  Y 14500
X 291000  Y 8500
X 355000  Y 10000
X 355000  Y 40000
X 355000  Y 70000

Drill: .02  Tool: 2  Feed: 197  Speed: 550
X 201000  Y 31000
X 194000  Y 31000
X 197500  Y 34000
X 194000  Y 36000
X 201000  Y 36000
X 194000  Y 43000
X 201000  Y 43000
X 197500  Y 46000
X 201000  Y 49000
X 194000  Y 49000

Drill: .035  Tool: 3  Feed: 197  Speed: 550
X 197500  Y 40000

Drill: .037  Tool: 4  Feed: 197  Speed: 550
X 67500  Y 43500
X 160000  Y 22500
X 160000  Y 10000
X 170000  Y 10000
X 170000  Y 22500
X 225000  Y 22500
X 235000  Y 22500
X 235000  Y 10000
X 225000  Y 10000
X 262500  Y 50000
X 272500  Y 50000
X 282500  Y 50000
X 337500  Y 75000
X 327500  Y 75000
X 337500  Y 65000
X 327500  Y 65000
X 337500  Y 55000
X 327500  Y 55000
X 337500  Y 45000
X 327500  Y 45000
X 337500  Y 35000
X 327500  Y 35000
X 337500  Y 25000
X 327500  Y 25000
X 337500  Y 15000
X 327500  Y 15000
X 337500  Y 5000
X 327500  Y 5000

Drill: .045  Tool: 5  Feed: 139  Speed: 550
X 25000  Y 15000
X 15000  Y 15000
X 25000  Y 25000
X 15000  Y 25000
X 15000  Y 35000
X 25000  Y 35000
X 15000  Y 45000
X 25000  Y 45000
X 15000  Y 55000
X 25000  Y 55000
X 25000  Y 65000
X 15000  Y 65000

Drill: .063  Tool: 6  Feed: 89  Speed: 550
X 45000  Y 70000
X 65000  Y 70000
X 220000  Y 70000
X 282500  Y 70000

End of Listing
