Drill Listing
=============
Drill: .015  Tool: 1  Feed: 95  Speed: 300
X 58000  Y 35500
X 58000  Y 39500
X 17500  Y 47500
X 43500  Y 73000
X 44000  Y 78000
X 48500  Y 114000
X 55000  Y 116500
X 48500  Y 118500
X 53000  Y 119500
X 42500  Y 124500
X 56500  Y 124500
X 51500  Y 124500
X 47000  Y 124500
X 58000  Y 132500
X 43000  Y 146000
X 41500  Y 149500
X 51500  Y 150500
X 29500  Y 162000
X 39000  Y 163500
X 54500  Y 166000
X 29500  Y 167500
X 39000  Y 167500
X 52500  Y 169500
X 50500  Y 174000
X 50500  Y 178000
X 55500  Y 179500
X 55500  Y 183500
X 31000  Y 186000
X 47500  Y 195000
X 52000  Y 195000
X 68500  Y 193500
X 80000  Y 191000
X 78500  Y 163000
X 68500  Y 157500
X 63000  Y 146000
X 81500  Y 132000
X 77500  Y 132000
X 60500  Y 116500
X 83000  Y 113000
X 79000  Y 110500
X 73500  Y 110500
X 62500  Y 89500
X 68000  Y 83500
X 72000  Y 83500
X 82000  Y 77500
X 78000  Y 77500
X 69500  Y 67500
X 74000  Y 66000
X 75000  Y 62000
X 66000  Y 61000
X 82000  Y 58500
X 72000  Y 45500
X 68000  Y 45500
X 66500  Y 31000
X 70500  Y 31000
X 66000  Y 15000
X 98000  Y 13500
X 97500  Y 28000
X 97500  Y 32000
X 97500  Y 36500
X 96000  Y 40500
X 108000  Y 46500
X 103500  Y 47000
X 105000  Y 62500
X 100000  Y 62500
X 98750  Y 89000
X 92750  Y 113000
X 87500  Y 113000
X 99000  Y 113250
X 106000  Y 113500
X 102500  Y 120000
X 84500  Y 123000
X 84500  Y 127000
X 96500  Y 127500
X 96500  Y 131500
X 96500  Y 135500
X 83500  Y 146000
X 86500  Y 165500
X 84500  Y 170000
X 128500  Y 135500
X 128500  Y 131500
X 128500  Y 127500
X 110500  Y 113500
X 111500  Y 100500
X 122000  Y 96500
X 117500  Y 96000
X 118500  Y 82500
X 117500  Y 72500
X 117500  Y 54000
X 113000  Y 54000
X 112500  Y 49000
X 122500  Y 36000
X 123000  Y 30000
X 123000  Y 20000
X 155500  Y 17500
X 155500  Y 22500
X 155500  Y 27500
X 156000  Y 54000
X 151500  Y 54000
X 151500  Y 62500
X 151500  Y 67500
X 155500  Y 71000
X 151500  Y 72500
X 151500  Y 77500
X 151500  Y 82500
X 154000  Y 87500
X 151500  Y 92500
X 150500  Y 97500
X 151500  Y 104500
X 147500  Y 106500
X 145000  Y 112000
X 145000  Y 117000
X 138000  Y 144000
X 142000  Y 144000
X 148000  Y 152000
X 153000  Y 152000
X 138500  Y 156500
X 138500  Y 160500
X 140500  Y 166000
X 177500  Y 211000
X 182500  Y 211000
X 164000  Y 205000
X 164000  Y 200000
X 164000  Y 195000
X 164000  Y 190000
X 181000  Y 174000
X 167000  Y 166000
X 161500  Y 155000
X 181000  Y 143500
X 176500  Y 142500
X 168500  Y 139000
X 168500  Y 134000
X 181500  Y 131750
X 181500  Y 112000
X 168000  Y 111500
X 166000  Y 105500
X 180000  Y 103500
X 167500  Y 98500
X 180000  Y 98500
X 168500  Y 94500
X 166000  Y 90500
X 180500  Y 89500
X 182500  Y 73000
X 175000  Y 73000
X 162000  Y 71000
X 178500  Y 70000
X 158500  Y 64500
X 182500  Y 58000
X 177500  Y 58000
X 167500  Y 55000
X 183000  Y 54000
X 166000  Y 46000
X 170000  Y 46000
X 174500  Y 33500
X 161500  Y 28000
X 161500  Y 24000
X 161500  Y 18000
X 161500  Y 14000
X 206000  Y 11500
X 202500  Y 17000
X 202000  Y 21000
X 196500  Y 25500
X 207500  Y 48000
X 196500  Y 60500
X 190000  Y 60500
X 205000  Y 63500
X 200500  Y 63500
X 193500  Y 63500
X 186500  Y 63500
X 195500  Y 72500
X 185000  Y 85000
X 193500  Y 85500
X 196000  Y 89500
X 190250  Y 98000
X 198500  Y 101500
X 198500  Y 109500
X 186500  Y 109500
X 186500  Y 114500
X 201000  Y 114500
X 193000  Y 120000
X 206000  Y 124500
X 195500  Y 132000
X 191000  Y 132000
X 204000  Y 133750
X 204000  Y 138250
X 187500  Y 156500
X 192000  Y 156500
X 197000  Y 171500
X 189500  Y 174000
X 205000  Y 175500
X 200500  Y 199500
X 187500  Y 211000
X 192500  Y 211000
X 225000  Y 146000
X 221000  Y 142000
X 210000  Y 129500
X 213500  Y 121000
X 209000  Y 121000
X 225000  Y 110500
X 215000  Y 109000
X 219500  Y 108000
X 225000  Y 100500
X 213000  Y 99000
X 213500  Y 94500
X 213500  Y 88500
X 221250  Y 88000
X 225500  Y 87000
X 225500  Y 81500
X 219500  Y 77500
X 212500  Y 48000
X 232000  Y 38500
X 219000  Y 17500
X 216000  Y 14500
X 211000  Y 11500
X 235500  Y 20000
X 237500  Y 23000
X 254500  Y 27000
X 254500  Y 33000
X 235000  Y 50500

Drill: .01969  Tool: 2  Feed: 95  Speed: 300
X 242992  Y 38759 X 241614  Y 38759
X 242992  Y 21240 X 241614  Y 21240

Drill: .02  Tool: 3  Feed: 197  Speed: 550
X 35000  Y 25000
X 80500  Y 36000
X 35000  Y 42500
X 50000  Y 140000
X 185000  Y 190000
X 212500  Y 27500

Drill: .02362  Tool: 4  Feed: 197  Speed: 550
X 255885  Y 46437 X 253326  Y 46437
X 255885  Y 13562 X 253326  Y 13562

Drill: .037  Tool: 5  Feed: 197  Speed: 550
X 15000  Y 195000
X 25000  Y 195000
X 35000  Y 195000
X 87500  Y 197500
X 97500  Y 197500
X 107500  Y 197500
X 127500  Y 197500
X 137500  Y 197500
X 147500  Y 197500

Drill: .04  Tool: 6  Feed: 139  Speed: 550
X 35000  Y 209000
X 57500  Y 209000
X 80000  Y 209000
X 107500  Y 209000
X 147500  Y 209000
X 207500  Y 209000
X 242500  Y 209000

Drill: .05  Tool: 7  Feed: 107  Speed: 550
X 8024  Y 74371
X 27709  Y 74371
X 8024  Y 84213
X 27709  Y 84213
X 8024  Y 94056
X 27709  Y 94056
X 27709  Y 103898
X 8024  Y 103898
X 27709  Y 113741
X 8024  Y 113741
X 27709  Y 123583
X 8024  Y 123583
X 27709  Y 133426
X 8024  Y 133426
X 27709  Y 143269
X 8024  Y 143269

End of Listing
