Drill Listing
=============
Drill: .015  Tool: 1  Feed: 95  Speed: 300
X 35000  Y 14500
X 35000  Y 25500
X 34000  Y 37000
X 32000  Y 40500
X 36000  Y 53000
X 85500  Y 64000
X 83000  Y 59500
X 49000  Y 57500
X 85500  Y 49500
X 70500  Y 40000
X 85500  Y 30500
X 85500  Y 20500
X 85500  Y 16000
X 139500  Y 15500
X 139500  Y 20500
X 139000  Y 60000
X 171000  Y 70000
X 186500  Y 60000
X 145500  Y 49000
X 181500  Y 30000
X 185500  Y 29500
X 189500  Y 29000
X 192000  Y 7000
X 207000  Y 9500
X 197500  Y 60000
X 212500  Y 61000
X 194500  Y 63500
X 202500  Y 63500
X 230000  Y 75000
X 233000  Y 71000
X 237500  Y 71000
X 228500  Y 71000
X 237500  Y 60000
X 228500  Y 60000
X 238500  Y 52500
X 227500  Y 52500
X 231500  Y 38000
X 238500  Y 37500
X 227500  Y 37500
X 235000  Y 36000
X 238500  Y 27500
X 227500  Y 27500
X 227500  Y 12500
X 238500  Y 12500
X 234500  Y 12500
X 231000  Y 11000
X 258500  Y 4500
X 254500  Y 4500
X 241500  Y 4500
X 249000  Y 5000
X 245000  Y 6000
X 259000  Y 8000
X 251500  Y 13000
X 249000  Y 22000
X 251000  Y 33000
X 249500  Y 37000
X 262250  Y 51500
X 257000  Y 51500
X 261000  Y 55500
X 265000  Y 54500
X 275500  Y 44000
X 275500  Y 39500
X 275500  Y 35000
X 268000  Y 28500
X 272500  Y 28500
X 268000  Y 17500
X 283000  Y 13500
X 268000  Y 13500
X 268000  Y 5500
X 296500  Y 66000
X 306500  Y 66000

Drill: .037  Tool: 2  Feed: 197  Speed: 550
X 43000  Y 22000
X 53000  Y 22000
X 63000  Y 22000
X 55000  Y 40000
X 198500  Y 35000
X 198500  Y 25000
X 198500  Y 15000
X 306500  Y 10000
X 296500  Y 10000
X 296500  Y 30000
X 296500  Y 40000

Drill: .045  Tool: 3  Feed: 139  Speed: 550
X 25000  Y 15000
X 15000  Y 15000
X 25000  Y 25000
X 15000  Y 25000
X 15000  Y 35000
X 25000  Y 35000
X 15000  Y 45000
X 25000  Y 45000
X 15000  Y 55000
X 25000  Y 55000
X 25000  Y 65000
X 15000  Y 65000

Drill: .063  Tool: 4  Feed: 89  Speed: 550
X 182500  Y 10000
X 216000  Y 70000
X 320000  Y 10000
X 320000  Y 32500

End of Listing
